20240128	16:12:06	5e228532-b98d-441b-8284-51afacdcfc2b	undefined: undefined	undefined	undefined
20240128	16:25:13	6ce43807-5b3d-4c87-ac06-f5349581cf61	undefined: undefined	undefined	undefined
20240128	16:31:35	735a0ebf-3a27-4a67-8c26-b217da89c966	undefined: undefined	undefined	undefined
20240128	16:32:48	18814dda-54d8-46b5-8db5-7bed9938bffa	undefined: undefined	undefined	undefined
20240128	16:46:00	68e50725-db53-4b73-bdfe-020203eb1bea	undefined: undefined	undefined	undefined
20240129	09:02:21	ae7b8a2f-86cf-45ea-96f6-1905fbe08cea	undefined: undefined	undefined	undefined
20240129	09:03:25	5b4eaed1-2576-4e86-8853-7f1e83152a5d	undefined: undefined	undefined	undefined
20240129	09:06:18	19961c5d-c9d5-474f-84ca-eb13606bf813	undefined: undefined	undefined	undefined
20240129	09:29:56	95733952-0184-4be7-afbf-935c99b186e1	undefined: undefined	undefined	undefined
20240129	09:32:24	512842d4-62d7-4a06-a76a-aa7d6296adbe	undefined: ETIMEOUT	querySrv	_mongodb._tcp.cluster0.pqp5kpg.mongodb.net
20240129	09:58:22	32aeb97d-1663-4576-8807-b073476b9c5e	undefined: ETIMEOUT	querySrv	_mongodb._tcp.cluster0.pqp5kpg.mongodb.net
20240129	10:43:50	9a5d566c-49d1-48c8-a963-e77aa3393e29	undefined: ETIMEOUT	querySrv	_mongodb._tcp.cluster0.pqp5kpg.mongodb.net
20240129	10:51:52	aa960ed2-9df8-41c6-aa8b-d1fdd7ac24ec	undefined: ETIMEOUT	querySrv	_mongodb._tcp.cluster0.pqp5kpg.mongodb.net
20240129	10:53:16	5e2ee5f9-f30f-400b-ade6-885f2385025f	undefined: ETIMEOUT	querySrv	_mongodb._tcp.cluster0.pqp5kpg.mongodb.net
20240129	11:36:56	e0949d84-c830-4b23-b46a-b4434882cef8	undefined: undefined	undefined	undefined
20240131	09:52:40	67305ec5-c46b-4bd9-b722-fdb61a65d092	undefined: ETIMEOUT	querySrv	_mongodb._tcp.cluster0.pqp5kpg.mongodb.net
20240131	10:31:42	b050d426-5b49-464b-b78f-5641b71dad52	undefined: ESERVFAIL	querySrv	_mongodb._tcp.cluster0.pqp5kpg.mongodb.net
20240131	10:31:49	ac1fe746-ee26-483e-ae59-6d83363e0022	undefined: ESERVFAIL	querySrv	_mongodb._tcp.cluster0.pqp5kpg.mongodb.net
20240131	10:31:50	6e40feac-8300-43a0-ba41-9584291bd099	undefined: ESERVFAIL	querySrv	_mongodb._tcp.cluster0.pqp5kpg.mongodb.net
20240131	10:36:54	df614b7e-46a2-4e6b-9b52-40e239110263	undefined: ETIMEOUT	querySrv	_mongodb._tcp.cluster0.pqp5kpg.mongodb.net
20240201	09:36:54	7bc36ef7-08f4-40bc-93bc-676d29da1f3e	undefined: ETIMEOUT	querySrv	_mongodb._tcp.cluster0.pqp5kpg.mongodb.net
20240416	13:22:55	b1a669d5-4275-4d68-bddc-cec0b4413f08	undefined: ESERVFAIL	querySrv	_mongodb._tcp.cluster0.pqp5kpg.mongodb.net
